{
  "RSpec": {
    "coverage": {
      "/media/viethoc/New Volume/novastudio/Raan/besm/spec/controllers/articles_controller_spec.rb": [
        1,
        null,
        1,
        null,
        14,
        5,
        null,
        14,
        6,
        null,
        6,
        6,
        null,
        14,
        11,
        null,
        14,
        4,
        null,
        14,
        14,
        null,
        1,
        null,
        null,
        null,
        null,
        null,
        null,
        3,
        null,
        1,
        null,
        null,
        null,
        null,
        null,
        null,
        1,
        null,
        1,
        null,
        null,
        null,
        null,
        null,
        null,
        1,
        null,
        null,
        1,
        1,
        1,
        null,
        null,
        1,
        1,
        null,
        null,
        null,
        null,
        1,
        1,
        1,
        null,
        null,
        1,
        1,
        null,
        null,
        null,
        1,
        1,
        1,
        null,
        1,
        1,
        null,
        null,
        null,
        1,
        2,
        1,
        1,
        1,
        null,
        1,
        1,
        null,
        null,
        null,
        1,
        1,
        1,
        null,
        1,
        1,
        null,
        null,
        null,
        1,
        3,
        null,
        1,
        1,
        null,
        null,
        1,
        1,
        null,
        null,
        null,
        1,
        2,
        null,
        1,
        1,
        null,
        null,
        null,
        1,
        1,
        1,
        null,
        null,
        null,
        1,
        1,
        null,
        null,
        null,
        null,
        14,
        14,
        null,
        1,
        2,
        null,
        1,
        1,
        null,
        null,
        null,
        1,
        1,
        1,
        null,
        null,
        null,
        1,
        1,
        null,
        null,
        null,
        1,
        1,
        2,
        null,
        null,
        1,
        1,
        null,
        null,
        1,
        1,
        null,
        null,
        null,
        null
      ],
      "/media/viethoc/New Volume/novastudio/Raan/besm/spec/rails_helper.rb": [
        null,
        1,
        1,
        1,
        null,
        1,
        1,
        1,
        1,
        null,
        null,
        null,
        null,
        null,
        null,
        null,
        null,
        null,
        null,
        null,
        null,
        null,
        null,
        null,
        null,
        null,
        null,
        null,
        null,
        1,
        1,
        1,
        1,
        null,
        null,
        null,
        1,
        null,
        1,
        null,
        1,
        1,
        null,
        null,
        null,
        null,
        1,
        null,
        1,
        null,
        null,
        1,
        1,
        1,
        null,
        null,
        null,
        1,
        112,
        112,
        null,
        null,
        null,
        null,
        null,
        null,
        null,
        null,
        null,
        null,
        null,
        null,
        null,
        null,
        null,
        null,
        null,
        1,
        null,
        null,
        1,
        null,
        null,
        null,
        null,
        null,
        null,
        null,
        null,
        null,
        null,
        null,
        null
      ],
      "/media/viethoc/New Volume/novastudio/Raan/besm/config/environment.rb": [
        null,
        1,
        null,
        null,
        1
      ],
      "/media/viethoc/New Volume/novastudio/Raan/besm/config/application.rb": [
        1,
        null,
        1,
        null,
        1,
        1,
        1,
        1,
        1,
        1,
        1,
        null,
        1,
        null,
        null,
        null,
        1,
        1,
        1,
        1,
        null,
        1,
        null,
        null,
        null,
        null,
        null,
        null,
        null,
        null,
        1,
        null,
        null
      ],
      "/media/viethoc/New Volume/novastudio/Raan/besm/config/boot.rb": [
        1,
        null,
        1
      ],
      "/media/viethoc/New Volume/novastudio/Raan/besm/config/spring.rb": [
        null,
        null,
        null,
        null,
        null,
        5
      ],
      "/media/viethoc/New Volume/novastudio/Raan/besm/config/environments/test.rb": [
        1,
        null,
        null,
        null,
        null,
        null,
        null,
        1,
        null,
        null,
        null,
        null,
        1,
        null,
        null,
        1,
        1,
        null,
        null,
        null,
        null,
        1,
        1,
        null,
        null,
        1,
        null,
        null,
        1,
        1,
        null,
        null,
        null,
        null,
        1,
        null,
        null,
        1,
        null,
        null,
        null,
        null
      ],
      "/media/viethoc/New Volume/novastudio/Raan/besm/config/initializers/application_controller_renderer.rb": [
        null,
        null,
        null,
        null,
        null,
        null
      ],
      "/media/viethoc/New Volume/novastudio/Raan/besm/config/initializers/backtrace_silencers.rb": [
        null,
        null,
        null,
        null,
        null,
        null,
        null
      ],
      "/media/viethoc/New Volume/novastudio/Raan/besm/config/initializers/cors.rb": [
        1,
        1,
        1,
        1,
        null,
        null,
        null,
        null,
        null
      ],
      "/media/viethoc/New Volume/novastudio/Raan/besm/config/initializers/devise_token_auth.rb": [
        1,
        null,
        null,
        null,
        null,
        1,
        null,
        null,
        null,
        1,
        null,
        null,
        null,
        null,
        null,
        null,
        null,
        null,
        null,
        null,
        null,
        null,
        null,
        null,
        null,
        null,
        null,
        null,
        null,
        null,
        null,
        null,
        null,
        null,
        null,
        null,
        null,
        null,
        null,
        null,
        null,
        null,
        null,
        null,
        null,
        null,
        null,
        null
      ],
      "/media/viethoc/New Volume/novastudio/Raan/besm/config/initializers/figaro.rb": [
        null
      ],
      "/media/viethoc/New Volume/novastudio/Raan/besm/config/initializers/filter_parameter_logging.rb": [
        null,
        null,
        null,
        1
      ],
      "/media/viethoc/New Volume/novastudio/Raan/besm/config/initializers/inflections.rb": [
        null,
        null,
        null,
        null,
        null,
        null,
        null,
        null,
        null,
        null,
        null,
        null,
        null,
        null,
        null,
        null
      ],
      "/media/viethoc/New Volume/novastudio/Raan/besm/config/initializers/mime_types.rb": [
        null,
        null,
        null,
        null
      ],
      "/media/viethoc/New Volume/novastudio/Raan/besm/config/initializers/premailer_rails.rb": [
        1
      ],
      "/media/viethoc/New Volume/novastudio/Raan/besm/config/initializers/wrap_parameters.rb": [
        null,
        null,
        null,
        null,
        null,
        null,
        1,
        2,
        null,
        null,
        null,
        null,
        null,
        null
      ],
      "/media/viethoc/New Volume/novastudio/Raan/besm/spec/factories/articles.rb": [
        1,
        1,
        1,
        472,
        508,
        null,
        null
      ],
      "/media/viethoc/New Volume/novastudio/Raan/besm/spec/factories/customers.rb": [
        1,
        1,
        145,
        145,
        145,
        145,
        145,
        145,
        null,
        null
      ],
      "/media/viethoc/New Volume/novastudio/Raan/besm/spec/factories/discounted_rates.rb": [
        1,
        1,
        23,
        null,
        null
      ],
      "/media/viethoc/New Volume/novastudio/Raan/besm/spec/factories/order.rb": [
        1,
        1,
        1,
        5,
        7,
        null,
        null
      ],
      "/media/viethoc/New Volume/novastudio/Raan/besm/spec/factories/order_items.rb": [
        1,
        1,
        1,
        2,
        4,
        null,
        null
      ],
      "/media/viethoc/New Volume/novastudio/Raan/besm/spec/factories/product_discounted_rates.rb": [
        1,
        1,
        5,
        5,
        1,
        null,
        null
      ],
      "/media/viethoc/New Volume/novastudio/Raan/besm/spec/factories/products.rb": [
        1,
        1,
        191,
        191,
        192,
        190,
        190,
        null,
        null
      ],
      "/media/viethoc/New Volume/novastudio/Raan/besm/spec/factories/users.rb": [
        1,
        1,
        102,
        102,
        102,
        null,
        null
      ],
      "/media/viethoc/New Volume/novastudio/Raan/besm/config/routes.rb": [
        1,
        null,
        1,
        1,
        null,
        null,
        null,
        1,
        1,
        1,
        1,
        1,
        1,
        1,
        1,
        1,
        1,
        1,
        1,
        1,
        1,
        1,
        1,
        null,
        1,
        null
      ],
      "/media/viethoc/New Volume/novastudio/Raan/besm/app/models/user.rb": [
        1,
        null,
        1,
        null,
        1,
        null,
        1,
        11,
        null,
        null
      ],
      "/media/viethoc/New Volume/novastudio/Raan/besm/spec/support/factory_girl.rb": [
        1,
        1,
        null
      ],
      "/media/viethoc/New Volume/novastudio/Raan/besm/spec/controllers/customers_controller_spec.rb": [
        1,
        null,
        1,
        null,
        6,
        4,
        6,
        6,
        null,
        1,
        1,
        1,
        1,
        1,
        1,
        1,
        1,
        null,
        null,
        null,
        1,
        1,
        1,
        1,
        1,
        null,
        null,
        null,
        1,
        1,
        1,
        1,
        1,
        1,
        1,
        1,
        1,
        null,
        null,
        null,
        null,
        1,
        1,
        1,
        1,
        1,
        1,
        1,
        null,
        1,
        null,
        null,
        1,
        1,
        1,
        1,
        null,
        null,
        null,
        null,
        null,
        null,
        1,
        11,
        10,
        9,
        9,
        11,
        null,
        11,
        11,
        null,
        1,
        1,
        1,
        null,
        null,
        1,
        1,
        1,
        1,
        null,
        null,
        null,
        null,
        1,
        1,
        2,
        null,
        null,
        1,
        null,
        1,
        1,
        null,
        null,
        1,
        1,
        null,
        null,
        null,
        null,
        1,
        4,
        null,
        1,
        1,
        3,
        null,
        null,
        1,
        1,
        null,
        null,
        1,
        1,
        null,
        null,
        1,
        1,
        null,
        null,
        null,
        null,
        1,
        null,
        1,
        2,
        null,
        null,
        1,
        1,
        null,
        null,
        1,
        1,
        null,
        null,
        null,
        1,
        3,
        3,
        3,
        3,
        3,
        3,
        1,
        null,
        null,
        null,
        null,
        null,
        null,
        null,
        null,
        null,
        null,
        null,
        null,
        2,
        null,
        null,
        1,
        2,
        null,
        2,
        null,
        null,
        null,
        1,
        1,
        null,
        null,
        1,
        1,
        null,
        null,
        null,
        null
      ],
      "/media/viethoc/New Volume/novastudio/Raan/besm/app/controllers/customers_controller.rb": [
        1,
        1,
        null,
        1,
        3,
        null,
        null,
        1,
        1,
        1,
        1,
        null,
        0,
        null,
        null,
        null,
        1,
        null,
        null,
        null,
        1,
        null,
        3,
        3,
        null,
        null,
        1,
        2,
        2,
        null,
        null,
        1,
        null,
        null,
        null,
        null,
        null,
        null,
        2,
        2,
        2,
        20,
        20,
        20,
        2,
        2,
        2,
        null,
        2,
        2,
        2,
        null,
        null,
        2,
        null,
        null,
        1,
        1,
        9,
        9,
        0,
        null,
        null,
        null,
        1,
        1,
        null,
        null
      ],
      "/media/viethoc/New Volume/novastudio/Raan/besm/app/controllers/application_controller.rb": [
        1,
        1,
        1,
        1,
        1,
        null,
        1,
        null,
        1,
        0,
        0,
        null,
        null,
        null
      ],
      "/media/viethoc/New Volume/novastudio/Raan/besm/spec/controllers/dashboards_controller_spec.rb": [
        1,
        null,
        1,
        2,
        2,
        1,
        1,
        1,
        1,
        1,
        null,
        null,
        null,
        1,
        3,
        3,
        null,
        1,
        1,
        2,
        null,
        null,
        1,
        null,
        1,
        1,
        null,
        null,
        1,
        1,
        null,
        null,
        null,
        null,
        null
      ],
      "/media/viethoc/New Volume/novastudio/Raan/besm/app/controllers/dashboards_controller.rb": [
        1,
        1,
        2,
        2,
        2,
        null,
        null,
        2,
        2,
        null,
        null,
        2,
        2,
        null,
        null,
        2,
        2,
        null,
        2,
        2,
        24,
        24,
        null,
        24,
        24,
        null,
        24,
        null,
        null,
        2,
        null,
        2,
        2,
        null,
        null,
        2,
        2,
        null,
        2,
        2,
        null,
        2,
        2,
        2,
        null,
        null,
        null
      ],
      "/media/viethoc/New Volume/novastudio/Raan/besm/spec/controllers/orders_controller_spec.rb": [
        1,
        null,
        1,
        null,
        null,
        null,
        null,
        null,
        34,
        30,
        null,
        34,
        34,
        null,
        34,
        1,
        32,
        26,
        4,
        32,
        null,
        1,
        null,
        2,
        20,
        5,
        null,
        34,
        34,
        3,
        null,
        1,
        null,
        1,
        null,
        null,
        null,
        null,
        null,
        null,
        null,
        null,
        null,
        null,
        null,
        null,
        3,
        null,
        null,
        1,
        null,
        null,
        null,
        null,
        null,
        null,
        null,
        null,
        null,
        null,
        null,
        null,
        2,
        null,
        null,
        1,
        null,
        null,
        null,
        null,
        null,
        null,
        null,
        null,
        null,
        null,
        null,
        null,
        2,
        null,
        null,
        1,
        null,
        null,
        null,
        null,
        null,
        null,
        null,
        null,
        null,
        null,
        null,
        null,
        2,
        null,
        null,
        1,
        null,
        null,
        null,
        null,
        null,
        null,
        null,
        null,
        null,
        null,
        null,
        null,
        3,
        null,
        null,
        1,
        null,
        null,
        null,
        null,
        null,
        null,
        null,
        null,
        null,
        null,
        null,
        null,
        null,
        3,
        null,
        1,
        1,
        2,
        null,
        null,
        1,
        1,
        null,
        null,
        1,
        1,
        null,
        null,
        null,
        1,
        1,
        2,
        null,
        null,
        1,
        1,
        null,
        null,
        1,
        1,
        null,
        null,
        1,
        1,
        3,
        3,
        3,
        null,
        null,
        1,
        1,
        null,
        null,
        1,
        1,
        null,
        null,
        null,
        1,
        null,
        null,
        null,
        null,
        1,
        1,
        1,
        null,
        null,
        null,
        1,
        1,
        3,
        3,
        3,
        null,
        null,
        1,
        1,
        null,
        null,
        1,
        1,
        null,
        null,
        1,
        1,
        null,
        null,
        null,
        1,
        1,
        3,
        3,
        null,
        null,
        1,
        1,
        null,
        null,
        1,
        1,
        null,
        null,
        null,
        1,
        null,
        null,
        null,
        null,
        1,
        1,
        1,
        null,
        null,
        null,
        1,
        1,
        2,
        null,
        null,
        1,
        1,
        null,
        null,
        null,
        null,
        null,
        1,
        1,
        null,
        null,
        null,
        null,
        null,
        null,
        1,
        null,
        1,
        null,
        null,
        null,
        null,
        null,
        null,
        null,
        null,
        null,
        null,
        null,
        null,
        2,
        null,
        1,
        2,
        2,
        null,
        1,
        1,
        null,
        null,
        1,
        1,
        null,
        null,
        null,
        1,
        1,
        null,
        null,
        null,
        null,
        null,
        null,
        null,
        null,
        null,
        null,
        null,
        null,
        8,
        null,
        1,
        8,
        8,
        8,
        null,
        null,
        1,
        1,
        null,
        null,
        1,
        1,
        null,
        null,
        null,
        null,
        null,
        null,
        1,
        1,
        null,
        null,
        null,
        null,
        null,
        1,
        1,
        null,
        null,
        null,
        1,
        1,
        null,
        null,
        null,
        null,
        1,
        1,
        null,
        null,
        null,
        null,
        1,
        1,
        null,
        null,
        null,
        null,
        1,
        1,
        null,
        null,
        null,
        null,
        null,
        null,
        1,
        1,
        null,
        null,
        null,
        null,
        null,
        null,
        null,
        null,
        null,
        null,
        null,
        null,
        2,
        null,
        null,
        1,
        2,
        2,
        2,
        null,
        null,
        1,
        1,
        null,
        null,
        null,
        null,
        null,
        1,
        1,
        null,
        null,
        null,
        null,
        null,
        null,
        1,
        1,
        2,
        2,
        1,
        null,
        null,
        null,
        null,
        null,
        null,
        null,
        null,
        null,
        null,
        null,
        null,
        1,
        null,
        null,
        1,
        null,
        1,
        1,
        1,
        1,
        1,
        null,
        null,
        null,
        null,
        null,
        null,
        null,
        1,
        null,
        null,
        1,
        1,
        null,
        null,
        null,
        null,
        1,
        2,
        2,
        1,
        null,
        null,
        null,
        null,
        null,
        null,
        null,
        null,
        null,
        null,
        null,
        null,
        1,
        null,
        null,
        1,
        null,
        1,
        1,
        1,
        1,
        1,
        null,
        null,
        null,
        null,
        null,
        null,
        null,
        1,
        null,
        null,
        1,
        1,
        null,
        1,
        null,
        null,
        null,
        1,
        3,
        3,
        1,
        null,
        null,
        null,
        null,
        null,
        null,
        null,
        null,
        null,
        null,
        null,
        null,
        2,
        null,
        null,
        1,
        null,
        1,
        2,
        2,
        2,
        2,
        null,
        null,
        null,
        null,
        null,
        null,
        null,
        2,
        null,
        null,
        1,
        1,
        null,
        null,
        null,
        null,
        1,
        1,
        null,
        null,
        null,
        null,
        null,
        1,
        1,
        2,
        null,
        null,
        1,
        1,
        null,
        null,
        1,
        1,
        null,
        null,
        null
      ],
      "/media/viethoc/New Volume/novastudio/Raan/besm/spec/controllers/product_discoutedrates_controller_spec.rb": [
        1,
        null,
        1,
        5,
        3,
        null,
        null,
        5,
        5,
        3,
        null,
        1,
        1,
        2,
        null,
        1,
        1,
        1,
        null,
        null,
        1,
        1,
        null,
        null,
        null,
        null,
        1,
        1,
        1,
        2,
        null,
        1,
        1,
        null,
        1,
        1,
        null,
        null,
        null,
        null
      ],
      "/media/viethoc/New Volume/novastudio/Raan/besm/spec/controllers/products_controller_spec.rb": [
        1,
        null,
        1,
        null,
        6,
        4,
        null,
        6,
        6,
        1,
        1,
        1,
        1,
        1,
        1,
        1,
        1,
        null,
        null,
        null,
        null,
        null,
        1,
        1,
        1,
        1,
        1,
        null,
        null,
        null,
        1,
        1,
        1,
        1,
        1,
        1,
        1,
        null,
        null,
        1,
        null,
        null,
        1,
        1,
        1,
        1,
        null,
        null,
        null,
        1,
        1,
        1,
        1,
        1,
        1,
        null,
        1,
        1,
        1,
        null,
        null,
        null,
        null,
        null,
        null,
        1,
        6,
        4,
        null,
        6,
        6,
        null,
        1,
        1,
        2,
        null,
        null,
        1,
        3,
        null,
        1,
        1,
        null,
        null,
        1,
        1,
        null,
        null,
        null,
        null,
        1,
        3,
        null,
        1,
        1,
        2,
        null,
        1,
        1,
        null,
        null,
        1,
        1,
        null,
        null,
        null,
        null,
        1,
        1,
        1,
        null,
        null,
        1,
        1,
        null,
        null,
        null,
        null,
        null,
        null,
        null
      ],
      "/media/viethoc/New Volume/novastudio/Raan/besm/app/controllers/products_controller.rb": [
        1,
        1,
        null,
        1,
        2,
        2,
        2,
        4,
        null,
        null,
        2,
        null,
        null,
        1,
        1,
        1,
        1,
        null,
        0,
        null,
        null,
        null,
        1,
        null,
        null,
        null,
        1,
        2,
        2,
        null,
        null,
        1,
        1,
        1,
        null,
        null,
        1,
        1,
        7,
        7,
        2,
        null,
        null,
        null,
        1,
        3,
        null,
        null
      ],
      "/media/viethoc/New Volume/novastudio/Raan/besm/spec/controllers/rates_controller_spec.rb": [
        1,
        null,
        1,
        null,
        3,
        2,
        null,
        3,
        3,
        1,
        1,
        1,
        1,
        1,
        1,
        1,
        1,
        null,
        1,
        1,
        1,
        1,
        1,
        null,
        null,
        null,
        null,
        null,
        null,
        null,
        null,
        null,
        null,
        null,
        null,
        null,
        null,
        1,
        3,
        3,
        null,
        3,
        3,
        3,
        null,
        1,
        1,
        1,
        null,
        2,
        1,
        1,
        null,
        1,
        1,
        null,
        null,
        null,
        null,
        null,
        null,
        null,
        null,
        null,
        null,
        null,
        null
      ],
      "/media/viethoc/New Volume/novastudio/Raan/besm/app/controllers/rates_controller.rb": [
        1,
        null,
        1,
        4,
        null,
        null,
        null,
        null,
        null,
        null,
        null,
        null,
        null,
        null,
        null,
        1,
        2,
        null,
        null,
        null,
        null,
        null,
        null,
        1,
        null,
        null,
        1,
        2,
        null,
        null,
        null
      ],
      "/media/viethoc/New Volume/novastudio/Raan/besm/spec/controllers/stores_controller_spec.rb": [
        1,
        null,
        1,
        null,
        3,
        1,
        null,
        3,
        1,
        null,
        1,
        1,
        null,
        3,
        3,
        null,
        1,
        2,
        1,
        1,
        null,
        null,
        null,
        1,
        2,
        null,
        1,
        1,
        null,
        null,
        null,
        null,
        null
      ],
      "/media/viethoc/New Volume/novastudio/Raan/besm/spec/controllers/users_controller_spec.rb": [
        1,
        null,
        1,
        3,
        3,
        null,
        3,
        3,
        null,
        1,
        1,
        1,
        2,
        null,
        null,
        1,
        1,
        null,
        null,
        1,
        1,
        null,
        null,
        null,
        1,
        1,
        2,
        null,
        null,
        1,
        1,
        null,
        null,
        1,
        1,
        null,
        null,
        null,
        null,
        null,
        null,
        null
      ],
      "/media/viethoc/New Volume/novastudio/Raan/besm/spec/mailers/order_mailer_spec.rb": [
        1,
        null,
        1,
        null,
        3,
        3,
        null,
        1,
        3,
        null,
        1,
        1,
        1,
        1,
        null,
        null,
        1,
        1,
        null,
        null,
        null,
        null
      ],
      "/media/viethoc/New Volume/novastudio/Raan/besm/app/mailers/order_mailer.rb": [
        1,
        null,
        null,
        null,
        null,
        null,
        null,
        1,
        2,
        2,
        2,
        null,
        null
      ],
      "/media/viethoc/New Volume/novastudio/Raan/besm/app/mailers/application_mailer.rb": [
        1,
        1,
        1,
        null
      ],
      "/media/viethoc/New Volume/novastudio/Raan/besm/spec/models/article_spec.rb": [
        1,
        null,
        1,
        1,
        2,
        null,
        null,
        null
      ],
      "/media/viethoc/New Volume/novastudio/Raan/besm/app/models/article.rb": [
        1,
        1,
        1,
        null,
        1,
        1,
        1,
        30,
        null,
        null,
        1,
        4,
        null,
        null,
        null
      ],
      "/media/viethoc/New Volume/novastudio/Raan/besm/app/models/application_record.rb": [
        1,
        1,
        1,
        1,
        29,
        null,
        null
      ],
      "/media/viethoc/New Volume/novastudio/Raan/besm/spec/models/customer_spec.rb": [
        1,
        null,
        1,
        null,
        2,
        null
      ],
      "/media/viethoc/New Volume/novastudio/Raan/besm/app/models/customer.rb": [
        1,
        null,
        1,
        1,
        null,
        null,
        1,
        1,
        null,
        1,
        2,
        null,
        null
      ],
      "/media/viethoc/New Volume/novastudio/Raan/besm/spec/models/discounted_rate_spec.rb": [
        1,
        null,
        1,
        null
      ],
      "/media/viethoc/New Volume/novastudio/Raan/besm/app/models/discounted_rate.rb": [
        1,
        null
      ],
      "/media/viethoc/New Volume/novastudio/Raan/besm/spec/models/order_item_spec.rb": [
        1,
        null,
        1,
        1,
        2,
        2,
        null,
        null,
        1,
        1,
        1,
        null,
        null,
        1,
        1,
        null,
        null,
        1,
        1,
        1,
        1,
        null,
        null,
        null
      ],
      "/media/viethoc/New Volume/novastudio/Raan/besm/app/models/order_item.rb": [
        1,
        1,
        1,
        1,
        1,
        null,
        1,
        27,
        27,
        null,
        null,
        1,
        2,
        2,
        2,
        null,
        null
      ],
      "/media/viethoc/New Volume/novastudio/Raan/besm/spec/models/order_spec.rb": [
        1,
        null,
        1,
        1,
        2,
        2,
        null,
        null,
        1,
        1,
        1,
        null,
        null,
        1,
        1,
        null,
        null,
        1,
        1,
        null,
        null,
        null,
        null
      ],
      "/media/viethoc/New Volume/novastudio/Raan/besm/app/models/order.rb": [
        1,
        30,
        1,
        1,
        1,
        1,
        null,
        1,
        30,
        22,
        null,
        null,
        30,
        null,
        null,
        1,
        18,
        13,
        null,
        5,
        null,
        null,
        null,
        1,
        2,
        2,
        0,
        null,
        null,
        2,
        null,
        null
      ],
      "/media/viethoc/New Volume/novastudio/Raan/besm/spec/models/product_discounted_rate_spec.rb": [
        1,
        null,
        1,
        1,
        2,
        null,
        null
      ],
      "/media/viethoc/New Volume/novastudio/Raan/besm/app/models/product_discounted_rate.rb": [
        1,
        1,
        null
      ],
      "/media/viethoc/New Volume/novastudio/Raan/besm/spec/models/product_spec.rb": [
        1,
        null,
        1,
        1,
        2,
        2,
        null,
        null,
        1,
        null,
        1,
        1,
        null,
        null,
        1,
        1,
        null,
        null,
        1,
        1,
        null,
        null,
        1,
        1,
        null,
        null,
        1,
        1,
        null,
        null,
        1,
        1,
        null,
        null,
        1,
        1,
        null,
        null,
        null
      ],
      "/media/viethoc/New Volume/novastudio/Raan/besm/app/models/product.rb": [
        1,
        1,
        1,
        1,
        1,
        1,
        null
      ],
      "/media/viethoc/New Volume/novastudio/Raan/besm/app/controllers/articles_controller.rb": [
        1,
        1,
        1,
        4,
        4,
        null,
        4,
        2,
        10,
        10,
        10,
        10,
        10,
        4,
        4,
        null,
        6,
        6,
        null,
        10,
        10,
        36,
        null,
        null,
        null,
        2,
        10,
        10,
        10,
        null,
        10,
        4,
        2,
        2,
        null,
        2,
        2,
        null,
        4,
        4,
        6,
        null,
        null,
        null,
        null,
        null,
        1,
        2,
        2,
        8,
        8,
        8,
        null,
        2,
        2,
        2,
        2,
        null,
        null,
        null,
        1,
        3,
        3,
        3,
        2,
        1,
        5,
        5,
        null,
        1,
        1,
        null,
        null,
        1,
        1,
        1,
        null,
        null,
        1,
        1,
        1,
        90,
        90,
        null,
        null,
        0,
        null,
        null,
        null,
        3,
        null,
        null,
        1,
        null,
        null,
        null,
        1,
        2,
        2,
        0,
        null,
        2,
        2,
        null,
        null,
        null,
        1,
        1,
        103,
        null,
        null,
        1,
        2,
        2,
        0,
        null,
        null,
        null
      ],
      "/media/viethoc/New Volume/novastudio/Raan/besm/app/controllers/orders_controller.rb": [
        1,
        1,
        null,
        1,
        2,
        null,
        null,
        1,
        33,
        2,
        null,
        31,
        31,
        3,
        3,
        3,
        null,
        null,
        31,
        31,
        31,
        31,
        31,
        31,
        3,
        null,
        28,
        2,
        null,
        null,
        null,
        26,
        null,
        26,
        26,
        26,
        26,
        null,
        26,
        26,
        26,
        30,
        null,
        null,
        null,
        null,
        26,
        26,
        26,
        null,
        null,
        1,
        null,
        null,
        null,
        1,
        2,
        2,
        null,
        null,
        1,
        4,
        4,
        4,
        4,
        null,
        null,
        4,
        4,
        null,
        4,
        2,
        null,
        2,
        null,
        null,
        null,
        null,
        4,
        4,
        4,
        4,
        null,
        4,
        3,
        3,
        null,
        null,
        null,
        4,
        4,
        null,
        4,
        null,
        null,
        1,
        0,
        0,
        null,
        null,
        1,
        0,
        0,
        null,
        null,
        1,
        0,
        null,
        null,
        1,
        null,
        1,
        16,
        16,
        2,
        null,
        null,
        null,
        1,
        3,
        null,
        null,
        1,
        2,
        null,
        null,
        1,
        2,
        null,
        null
      ],
      "/media/viethoc/New Volume/novastudio/Raan/besm/app/controllers/product_discoutedrates_controller.rb": [
        1,
        1,
        1,
        2,
        null,
        null,
        1,
        null,
        null,
        null,
        1,
        null,
        2,
        2,
        null,
        null,
        1,
        1,
        2,
        null,
        null,
        1,
        2,
        null,
        null,
        null
      ],
      "/media/viethoc/New Volume/novastudio/Raan/besm/app/controllers/stores_controller.rb": [
        1,
        1,
        1,
        1,
        1,
        1,
        1,
        1,
        1,
        1,
        null,
        1,
        1,
        1,
        null,
        null,
        1,
        null,
        null,
        1,
        1,
        1,
        2,
        2,
        2,
        1,
        1,
        1,
        null,
        1,
        1,
        1,
        null,
        null,
        1,
        null,
        null
      ],
      "/media/viethoc/New Volume/novastudio/Raan/besm/app/controllers/users_controller.rb": [
        1,
        null,
        1,
        1,
        1,
        null,
        1,
        2,
        null,
        null,
        1,
        0,
        0,
        null,
        null,
        1,
        null,
        1,
        0,
        null,
        null,
        1,
        0,
        null,
        null,
        1,
        4,
        2,
        null,
        null,
        null
      ]
    },
    "timestamp": 1511688829
  }
}
